2025-05-07 18:34:43 [INFO] Servidor WebSocket iniciado en el puerto 8000
2025-05-07 18:34:47 [INFO] Nuevo cliente conectado
2025-05-07 18:34:56 [INFO] Movimiento detectado: ID=player_7e239751-2514-4945-a9b5-5c5a3564c723, x=0, y=-1
2025-05-07 18:34:56 [INFO] Movimiento detectado: ID=player_7e239751-2514-4945-a9b5-5c5a3564c723, x=0, y=-2
2025-05-07 18:34:56 [INFO] Movimiento detectado: ID=player_7e239751-2514-4945-a9b5-5c5a3564c723, x=0, y=-3
2025-05-07 18:34:56 [INFO] Movimiento detectado: ID=player_7e239751-2514-4945-a9b5-5c5a3564c723, x=0, y=-4
2025-05-07 18:34:57 [INFO] Movimiento detectado: ID=player_7e239751-2514-4945-a9b5-5c5a3564c723, x=0, y=-5
2025-05-07 18:34:57 [INFO] Movimiento detectado: ID=player_7e239751-2514-4945-a9b5-5c5a3564c723, x=0, y=-6
2025-05-07 18:35:04 [INFO] Movimiento detectado: ID=player_7e239751-2514-4945-a9b5-5c5a3564c723, x=0, y=-7
2025-05-07 18:35:04 [INFO] Movimiento detectado: ID=player_7e239751-2514-4945-a9b5-5c5a3564c723, x=0, y=-8
2025-05-07 18:35:04 [INFO] Movimiento detectado: ID=player_7e239751-2514-4945-a9b5-5c5a3564c723, x=0, y=-9
2025-05-07 18:35:04 [INFO] Movimiento detectado: ID=player_7e239751-2514-4945-a9b5-5c5a3564c723, x=0, y=-10
2025-05-07 18:35:05 [INFO] Movimiento detectado: ID=player_7e239751-2514-4945-a9b5-5c5a3564c723, x=0, y=-11
2025-05-07 18:35:05 [INFO] Movimiento detectado: ID=player_7e239751-2514-4945-a9b5-5c5a3564c723, x=0, y=-12
2025-05-07 18:35:05 [INFO] Movimiento detectado: ID=player_7e239751-2514-4945-a9b5-5c5a3564c723, x=0, y=-11
2025-05-07 18:35:05 [INFO] Movimiento detectado: ID=player_7e239751-2514-4945-a9b5-5c5a3564c723, x=0, y=-12
2025-05-07 18:35:06 [INFO] Movimiento detectado: ID=player_7e239751-2514-4945-a9b5-5c5a3564c723, x=0, y=-11
2025-05-07 18:35:18 [INFO] Apagando servidor...
2025-05-07 18:35:26 [ERROR] MongoServerSelectionError: connect ECONNREFUSED ::1:27017
    at Topology.selectServer (C:\Users\joanc\Documents\GitHub\M06-3.2\pr32_websocket_link\node_modules\mongodb\lib\sdam\topology.js:321:38)
    at async Topology._connect (C:\Users\joanc\Documents\GitHub\M06-3.2\pr32_websocket_link\node_modules\mongodb\lib\sdam\topology.js:200:28)
    at async Topology.connect (C:\Users\joanc\Documents\GitHub\M06-3.2\pr32_websocket_link\node_modules\mongodb\lib\sdam\topology.js:152:13)
    at async topologyConnect (C:\Users\joanc\Documents\GitHub\M06-3.2\pr32_websocket_link\node_modules\mongodb\lib\mongo_client.js:233:17)
    at async MongoClient._connect (C:\Users\joanc\Documents\GitHub\M06-3.2\pr32_websocket_link\node_modules\mongodb\lib\mongo_client.js:246:13)
    at async MongoClient.connect (C:\Users\joanc\Documents\GitHub\M06-3.2\pr32_websocket_link\node_modules\mongodb\lib\mongo_client.js:171:13)
    at async savePlayerToMongoDB (C:\Users\joanc\Documents\GitHub\M06-3.2\pr32_websocket_link\src\websocket_server.js:106:9)
    at async WebSocket.<anonymous> (C:\Users\joanc\Documents\GitHub\M06-3.2\pr32_websocket_link\src\websocket_server.js:70:17)
2025-05-07 18:35:26 [ERROR] MongoServerSelectionError: connect ECONNREFUSED ::1:27017
    at Topology.selectServer (C:\Users\joanc\Documents\GitHub\M06-3.2\pr32_websocket_link\node_modules\mongodb\lib\sdam\topology.js:321:38)
    at async Topology._connect (C:\Users\joanc\Documents\GitHub\M06-3.2\pr32_websocket_link\node_modules\mongodb\lib\sdam\topology.js:200:28)
    at async Topology.connect (C:\Users\joanc\Documents\GitHub\M06-3.2\pr32_websocket_link\node_modules\mongodb\lib\sdam\topology.js:152:13)
    at async topologyConnect (C:\Users\joanc\Documents\GitHub\M06-3.2\pr32_websocket_link\node_modules\mongodb\lib\mongo_client.js:233:17)
    at async MongoClient._connect (C:\Users\joanc\Documents\GitHub\M06-3.2\pr32_websocket_link\node_modules\mongodb\lib\mongo_client.js:246:13)
    at async MongoClient.connect (C:\Users\joanc\Documents\GitHub\M06-3.2\pr32_websocket_link\node_modules\mongodb\lib\mongo_client.js:171:13)
    at async savePlayerToMongoDB (C:\Users\joanc\Documents\GitHub\M06-3.2\pr32_websocket_link\src\websocket_server.js:106:9)
    at async WebSocket.<anonymous> (C:\Users\joanc\Documents\GitHub\M06-3.2\pr32_websocket_link\src\websocket_server.js:70:17)
2025-05-07 18:35:26 [ERROR] MongoServerSelectionError: connect ECONNREFUSED ::1:27017
    at Topology.selectServer (C:\Users\joanc\Documents\GitHub\M06-3.2\pr32_websocket_link\node_modules\mongodb\lib\sdam\topology.js:321:38)
    at async Topology._connect (C:\Users\joanc\Documents\GitHub\M06-3.2\pr32_websocket_link\node_modules\mongodb\lib\sdam\topology.js:200:28)
    at async Topology.connect (C:\Users\joanc\Documents\GitHub\M06-3.2\pr32_websocket_link\node_modules\mongodb\lib\sdam\topology.js:152:13)
    at async topologyConnect (C:\Users\joanc\Documents\GitHub\M06-3.2\pr32_websocket_link\node_modules\mongodb\lib\mongo_client.js:233:17)
    at async MongoClient._connect (C:\Users\joanc\Documents\GitHub\M06-3.2\pr32_websocket_link\node_modules\mongodb\lib\mongo_client.js:246:13)
    at async MongoClient.connect (C:\Users\joanc\Documents\GitHub\M06-3.2\pr32_websocket_link\node_modules\mongodb\lib\mongo_client.js:171:13)
    at async savePlayerToMongoDB (C:\Users\joanc\Documents\GitHub\M06-3.2\pr32_websocket_link\src\websocket_server.js:106:9)
    at async WebSocket.<anonymous> (C:\Users\joanc\Documents\GitHub\M06-3.2\pr32_websocket_link\src\websocket_server.js:70:17)
2025-05-07 18:35:26 [ERROR] MongoServerSelectionError: connect ECONNREFUSED ::1:27017
    at Topology.selectServer (C:\Users\joanc\Documents\GitHub\M06-3.2\pr32_websocket_link\node_modules\mongodb\lib\sdam\topology.js:321:38)
    at async Topology._connect (C:\Users\joanc\Documents\GitHub\M06-3.2\pr32_websocket_link\node_modules\mongodb\lib\sdam\topology.js:200:28)
    at async Topology.connect (C:\Users\joanc\Documents\GitHub\M06-3.2\pr32_websocket_link\node_modules\mongodb\lib\sdam\topology.js:152:13)
    at async topologyConnect (C:\Users\joanc\Documents\GitHub\M06-3.2\pr32_websocket_link\node_modules\mongodb\lib\mongo_client.js:233:17)
    at async MongoClient._connect (C:\Users\joanc\Documents\GitHub\M06-3.2\pr32_websocket_link\node_modules\mongodb\lib\mongo_client.js:246:13)
    at async MongoClient.connect (C:\Users\joanc\Documents\GitHub\M06-3.2\pr32_websocket_link\node_modules\mongodb\lib\mongo_client.js:171:13)
    at async savePlayerToMongoDB (C:\Users\joanc\Documents\GitHub\M06-3.2\pr32_websocket_link\src\websocket_server.js:106:9)
    at async WebSocket.<anonymous> (C:\Users\joanc\Documents\GitHub\M06-3.2\pr32_websocket_link\src\websocket_server.js:70:17)
2025-05-07 18:35:27 [ERROR] MongoServerSelectionError: connect ECONNREFUSED ::1:27017
    at Topology.selectServer (C:\Users\joanc\Documents\GitHub\M06-3.2\pr32_websocket_link\node_modules\mongodb\lib\sdam\topology.js:321:38)
    at async Topology._connect (C:\Users\joanc\Documents\GitHub\M06-3.2\pr32_websocket_link\node_modules\mongodb\lib\sdam\topology.js:200:28)
    at async Topology.connect (C:\Users\joanc\Documents\GitHub\M06-3.2\pr32_websocket_link\node_modules\mongodb\lib\sdam\topology.js:152:13)
    at async topologyConnect (C:\Users\joanc\Documents\GitHub\M06-3.2\pr32_websocket_link\node_modules\mongodb\lib\mongo_client.js:233:17)
    at async MongoClient._connect (C:\Users\joanc\Documents\GitHub\M06-3.2\pr32_websocket_link\node_modules\mongodb\lib\mongo_client.js:246:13)
    at async MongoClient.connect (C:\Users\joanc\Documents\GitHub\M06-3.2\pr32_websocket_link\node_modules\mongodb\lib\mongo_client.js:171:13)
    at async savePlayerToMongoDB (C:\Users\joanc\Documents\GitHub\M06-3.2\pr32_websocket_link\src\websocket_server.js:106:9)
    at async WebSocket.<anonymous> (C:\Users\joanc\Documents\GitHub\M06-3.2\pr32_websocket_link\src\websocket_server.js:70:17)
2025-05-07 18:35:27 [ERROR] MongoServerSelectionError: connect ECONNREFUSED ::1:27017
    at Topology.selectServer (C:\Users\joanc\Documents\GitHub\M06-3.2\pr32_websocket_link\node_modules\mongodb\lib\sdam\topology.js:321:38)
    at async Topology._connect (C:\Users\joanc\Documents\GitHub\M06-3.2\pr32_websocket_link\node_modules\mongodb\lib\sdam\topology.js:200:28)
    at async Topology.connect (C:\Users\joanc\Documents\GitHub\M06-3.2\pr32_websocket_link\node_modules\mongodb\lib\sdam\topology.js:152:13)
    at async topologyConnect (C:\Users\joanc\Documents\GitHub\M06-3.2\pr32_websocket_link\node_modules\mongodb\lib\mongo_client.js:233:17)
    at async MongoClient._connect (C:\Users\joanc\Documents\GitHub\M06-3.2\pr32_websocket_link\node_modules\mongodb\lib\mongo_client.js:246:13)
    at async MongoClient.connect (C:\Users\joanc\Documents\GitHub\M06-3.2\pr32_websocket_link\node_modules\mongodb\lib\mongo_client.js:171:13)
    at async savePlayerToMongoDB (C:\Users\joanc\Documents\GitHub\M06-3.2\pr32_websocket_link\src\websocket_server.js:106:9)
    at async WebSocket.<anonymous> (C:\Users\joanc\Documents\GitHub\M06-3.2\pr32_websocket_link\src\websocket_server.js:70:17)
2025-05-07 18:35:34 [ERROR] MongoServerSelectionError: connect ECONNREFUSED ::1:27017
    at Topology.selectServer (C:\Users\joanc\Documents\GitHub\M06-3.2\pr32_websocket_link\node_modules\mongodb\lib\sdam\topology.js:321:38)
    at async Topology._connect (C:\Users\joanc\Documents\GitHub\M06-3.2\pr32_websocket_link\node_modules\mongodb\lib\sdam\topology.js:200:28)
    at async Topology.connect (C:\Users\joanc\Documents\GitHub\M06-3.2\pr32_websocket_link\node_modules\mongodb\lib\sdam\topology.js:152:13)
    at async topologyConnect (C:\Users\joanc\Documents\GitHub\M06-3.2\pr32_websocket_link\node_modules\mongodb\lib\mongo_client.js:233:17)
    at async MongoClient._connect (C:\Users\joanc\Documents\GitHub\M06-3.2\pr32_websocket_link\node_modules\mongodb\lib\mongo_client.js:246:13)
    at async MongoClient.connect (C:\Users\joanc\Documents\GitHub\M06-3.2\pr32_websocket_link\node_modules\mongodb\lib\mongo_client.js:171:13)
    at async savePlayerToMongoDB (C:\Users\joanc\Documents\GitHub\M06-3.2\pr32_websocket_link\src\websocket_server.js:106:9)
    at async WebSocket.<anonymous> (C:\Users\joanc\Documents\GitHub\M06-3.2\pr32_websocket_link\src\websocket_server.js:70:17)
2025-05-07 18:35:34 [ERROR] MongoServerSelectionError: connect ECONNREFUSED ::1:27017
    at Topology.selectServer (C:\Users\joanc\Documents\GitHub\M06-3.2\pr32_websocket_link\node_modules\mongodb\lib\sdam\topology.js:321:38)
    at async Topology._connect (C:\Users\joanc\Documents\GitHub\M06-3.2\pr32_websocket_link\node_modules\mongodb\lib\sdam\topology.js:200:28)
    at async Topology.connect (C:\Users\joanc\Documents\GitHub\M06-3.2\pr32_websocket_link\node_modules\mongodb\lib\sdam\topology.js:152:13)
    at async topologyConnect (C:\Users\joanc\Documents\GitHub\M06-3.2\pr32_websocket_link\node_modules\mongodb\lib\mongo_client.js:233:17)
    at async MongoClient._connect (C:\Users\joanc\Documents\GitHub\M06-3.2\pr32_websocket_link\node_modules\mongodb\lib\mongo_client.js:246:13)
    at async MongoClient.connect (C:\Users\joanc\Documents\GitHub\M06-3.2\pr32_websocket_link\node_modules\mongodb\lib\mongo_client.js:171:13)
    at async savePlayerToMongoDB (C:\Users\joanc\Documents\GitHub\M06-3.2\pr32_websocket_link\src\websocket_server.js:106:9)
    at async WebSocket.<anonymous> (C:\Users\joanc\Documents\GitHub\M06-3.2\pr32_websocket_link\src\websocket_server.js:70:17)
2025-05-07 18:35:34 [ERROR] MongoServerSelectionError: connect ECONNREFUSED ::1:27017
    at Topology.selectServer (C:\Users\joanc\Documents\GitHub\M06-3.2\pr32_websocket_link\node_modules\mongodb\lib\sdam\topology.js:321:38)
    at async Topology._connect (C:\Users\joanc\Documents\GitHub\M06-3.2\pr32_websocket_link\node_modules\mongodb\lib\sdam\topology.js:200:28)
    at async Topology.connect (C:\Users\joanc\Documents\GitHub\M06-3.2\pr32_websocket_link\node_modules\mongodb\lib\sdam\topology.js:152:13)
    at async topologyConnect (C:\Users\joanc\Documents\GitHub\M06-3.2\pr32_websocket_link\node_modules\mongodb\lib\mongo_client.js:233:17)
    at async MongoClient._connect (C:\Users\joanc\Documents\GitHub\M06-3.2\pr32_websocket_link\node_modules\mongodb\lib\mongo_client.js:246:13)
    at async MongoClient.connect (C:\Users\joanc\Documents\GitHub\M06-3.2\pr32_websocket_link\node_modules\mongodb\lib\mongo_client.js:171:13)
    at async savePlayerToMongoDB (C:\Users\joanc\Documents\GitHub\M06-3.2\pr32_websocket_link\src\websocket_server.js:106:9)
    at async WebSocket.<anonymous> (C:\Users\joanc\Documents\GitHub\M06-3.2\pr32_websocket_link\src\websocket_server.js:70:17)
2025-05-07 18:35:35 [ERROR] MongoServerSelectionError: connect ECONNREFUSED ::1:27017
    at Topology.selectServer (C:\Users\joanc\Documents\GitHub\M06-3.2\pr32_websocket_link\node_modules\mongodb\lib\sdam\topology.js:321:38)
    at async Topology._connect (C:\Users\joanc\Documents\GitHub\M06-3.2\pr32_websocket_link\node_modules\mongodb\lib\sdam\topology.js:200:28)
    at async Topology.connect (C:\Users\joanc\Documents\GitHub\M06-3.2\pr32_websocket_link\node_modules\mongodb\lib\sdam\topology.js:152:13)
    at async topologyConnect (C:\Users\joanc\Documents\GitHub\M06-3.2\pr32_websocket_link\node_modules\mongodb\lib\mongo_client.js:233:17)
    at async MongoClient._connect (C:\Users\joanc\Documents\GitHub\M06-3.2\pr32_websocket_link\node_modules\mongodb\lib\mongo_client.js:246:13)
    at async MongoClient.connect (C:\Users\joanc\Documents\GitHub\M06-3.2\pr32_websocket_link\node_modules\mongodb\lib\mongo_client.js:171:13)
    at async savePlayerToMongoDB (C:\Users\joanc\Documents\GitHub\M06-3.2\pr32_websocket_link\src\websocket_server.js:106:9)
    at async WebSocket.<anonymous> (C:\Users\joanc\Documents\GitHub\M06-3.2\pr32_websocket_link\src\websocket_server.js:70:17)
2025-05-07 18:35:35 [ERROR] MongoServerSelectionError: connect ECONNREFUSED ::1:27017
    at Topology.selectServer (C:\Users\joanc\Documents\GitHub\M06-3.2\pr32_websocket_link\node_modules\mongodb\lib\sdam\topology.js:321:38)
    at async Topology._connect (C:\Users\joanc\Documents\GitHub\M06-3.2\pr32_websocket_link\node_modules\mongodb\lib\sdam\topology.js:200:28)
    at async Topology.connect (C:\Users\joanc\Documents\GitHub\M06-3.2\pr32_websocket_link\node_modules\mongodb\lib\sdam\topology.js:152:13)
    at async topologyConnect (C:\Users\joanc\Documents\GitHub\M06-3.2\pr32_websocket_link\node_modules\mongodb\lib\mongo_client.js:233:17)
    at async MongoClient._connect (C:\Users\joanc\Documents\GitHub\M06-3.2\pr32_websocket_link\node_modules\mongodb\lib\mongo_client.js:246:13)
    at async MongoClient.connect (C:\Users\joanc\Documents\GitHub\M06-3.2\pr32_websocket_link\node_modules\mongodb\lib\mongo_client.js:171:13)
    at async savePlayerToMongoDB (C:\Users\joanc\Documents\GitHub\M06-3.2\pr32_websocket_link\src\websocket_server.js:106:9)
    at async WebSocket.<anonymous> (C:\Users\joanc\Documents\GitHub\M06-3.2\pr32_websocket_link\src\websocket_server.js:70:17)
2025-05-07 18:35:35 [ERROR] MongoServerSelectionError: connect ECONNREFUSED ::1:27017
    at Topology.selectServer (C:\Users\joanc\Documents\GitHub\M06-3.2\pr32_websocket_link\node_modules\mongodb\lib\sdam\topology.js:321:38)
    at async Topology._connect (C:\Users\joanc\Documents\GitHub\M06-3.2\pr32_websocket_link\node_modules\mongodb\lib\sdam\topology.js:200:28)
    at async Topology.connect (C:\Users\joanc\Documents\GitHub\M06-3.2\pr32_websocket_link\node_modules\mongodb\lib\sdam\topology.js:152:13)
    at async topologyConnect (C:\Users\joanc\Documents\GitHub\M06-3.2\pr32_websocket_link\node_modules\mongodb\lib\mongo_client.js:233:17)
    at async MongoClient._connect (C:\Users\joanc\Documents\GitHub\M06-3.2\pr32_websocket_link\node_modules\mongodb\lib\mongo_client.js:246:13)
    at async MongoClient.connect (C:\Users\joanc\Documents\GitHub\M06-3.2\pr32_websocket_link\node_modules\mongodb\lib\mongo_client.js:171:13)
    at async savePlayerToMongoDB (C:\Users\joanc\Documents\GitHub\M06-3.2\pr32_websocket_link\src\websocket_server.js:106:9)
    at async WebSocket.<anonymous> (C:\Users\joanc\Documents\GitHub\M06-3.2\pr32_websocket_link\src\websocket_server.js:70:17)
2025-05-07 18:35:35 [ERROR] MongoServerSelectionError: connect ECONNREFUSED ::1:27017
    at Topology.selectServer (C:\Users\joanc\Documents\GitHub\M06-3.2\pr32_websocket_link\node_modules\mongodb\lib\sdam\topology.js:321:38)
    at async Topology._connect (C:\Users\joanc\Documents\GitHub\M06-3.2\pr32_websocket_link\node_modules\mongodb\lib\sdam\topology.js:200:28)
    at async Topology.connect (C:\Users\joanc\Documents\GitHub\M06-3.2\pr32_websocket_link\node_modules\mongodb\lib\sdam\topology.js:152:13)
    at async topologyConnect (C:\Users\joanc\Documents\GitHub\M06-3.2\pr32_websocket_link\node_modules\mongodb\lib\mongo_client.js:233:17)
    at async MongoClient._connect (C:\Users\joanc\Documents\GitHub\M06-3.2\pr32_websocket_link\node_modules\mongodb\lib\mongo_client.js:246:13)
    at async MongoClient.connect (C:\Users\joanc\Documents\GitHub\M06-3.2\pr32_websocket_link\node_modules\mongodb\lib\mongo_client.js:171:13)
    at async savePlayerToMongoDB (C:\Users\joanc\Documents\GitHub\M06-3.2\pr32_websocket_link\src\websocket_server.js:106:9)
    at async WebSocket.<anonymous> (C:\Users\joanc\Documents\GitHub\M06-3.2\pr32_websocket_link\src\websocket_server.js:70:17)
2025-05-07 18:35:35 [ERROR] MongoServerSelectionError: connect ECONNREFUSED ::1:27017
    at Topology.selectServer (C:\Users\joanc\Documents\GitHub\M06-3.2\pr32_websocket_link\node_modules\mongodb\lib\sdam\topology.js:321:38)
    at async Topology._connect (C:\Users\joanc\Documents\GitHub\M06-3.2\pr32_websocket_link\node_modules\mongodb\lib\sdam\topology.js:200:28)
    at async Topology.connect (C:\Users\joanc\Documents\GitHub\M06-3.2\pr32_websocket_link\node_modules\mongodb\lib\sdam\topology.js:152:13)
    at async topologyConnect (C:\Users\joanc\Documents\GitHub\M06-3.2\pr32_websocket_link\node_modules\mongodb\lib\mongo_client.js:233:17)
    at async MongoClient._connect (C:\Users\joanc\Documents\GitHub\M06-3.2\pr32_websocket_link\node_modules\mongodb\lib\mongo_client.js:246:13)
    at async MongoClient.connect (C:\Users\joanc\Documents\GitHub\M06-3.2\pr32_websocket_link\node_modules\mongodb\lib\mongo_client.js:171:13)
    at async savePlayerToMongoDB (C:\Users\joanc\Documents\GitHub\M06-3.2\pr32_websocket_link\src\websocket_server.js:106:9)
    at async WebSocket.<anonymous> (C:\Users\joanc\Documents\GitHub\M06-3.2\pr32_websocket_link\src\websocket_server.js:70:17)
2025-05-07 18:35:36 [ERROR] MongoServerSelectionError: connect ECONNREFUSED ::1:27017
    at Topology.selectServer (C:\Users\joanc\Documents\GitHub\M06-3.2\pr32_websocket_link\node_modules\mongodb\lib\sdam\topology.js:321:38)
    at async Topology._connect (C:\Users\joanc\Documents\GitHub\M06-3.2\pr32_websocket_link\node_modules\mongodb\lib\sdam\topology.js:200:28)
    at async Topology.connect (C:\Users\joanc\Documents\GitHub\M06-3.2\pr32_websocket_link\node_modules\mongodb\lib\sdam\topology.js:152:13)
    at async topologyConnect (C:\Users\joanc\Documents\GitHub\M06-3.2\pr32_websocket_link\node_modules\mongodb\lib\mongo_client.js:233:17)
    at async MongoClient._connect (C:\Users\joanc\Documents\GitHub\M06-3.2\pr32_websocket_link\node_modules\mongodb\lib\mongo_client.js:246:13)
    at async MongoClient.connect (C:\Users\joanc\Documents\GitHub\M06-3.2\pr32_websocket_link\node_modules\mongodb\lib\mongo_client.js:171:13)
    at async savePlayerToMongoDB (C:\Users\joanc\Documents\GitHub\M06-3.2\pr32_websocket_link\src\websocket_server.js:106:9)
    at async WebSocket.<anonymous> (C:\Users\joanc\Documents\GitHub\M06-3.2\pr32_websocket_link\src\websocket_server.js:70:17)
2025-05-07 18:35:46 [INFO] Jugador player_7e239751-2514-4945-a9b5-5c5a3564c723 ha perdido por inactividad.
