2025-05-07 18:35:26 [ERROR] MongoServerSelectionError: connect ECONNREFUSED ::1:27017
    at Topology.selectServer (C:\Users\joanc\Documents\GitHub\M06-3.2\pr32_websocket_link\node_modules\mongodb\lib\sdam\topology.js:321:38)
    at async Topology._connect (C:\Users\joanc\Documents\GitHub\M06-3.2\pr32_websocket_link\node_modules\mongodb\lib\sdam\topology.js:200:28)
    at async Topology.connect (C:\Users\joanc\Documents\GitHub\M06-3.2\pr32_websocket_link\node_modules\mongodb\lib\sdam\topology.js:152:13)
    at async topologyConnect (C:\Users\joanc\Documents\GitHub\M06-3.2\pr32_websocket_link\node_modules\mongodb\lib\mongo_client.js:233:17)
    at async MongoClient._connect (C:\Users\joanc\Documents\GitHub\M06-3.2\pr32_websocket_link\node_modules\mongodb\lib\mongo_client.js:246:13)
    at async MongoClient.connect (C:\Users\joanc\Documents\GitHub\M06-3.2\pr32_websocket_link\node_modules\mongodb\lib\mongo_client.js:171:13)
    at async savePlayerToMongoDB (C:\Users\joanc\Documents\GitHub\M06-3.2\pr32_websocket_link\src\websocket_server.js:106:9)
    at async WebSocket.<anonymous> (C:\Users\joanc\Documents\GitHub\M06-3.2\pr32_websocket_link\src\websocket_server.js:70:17)
2025-05-07 18:35:26 [ERROR] MongoServerSelectionError: connect ECONNREFUSED ::1:27017
    at Topology.selectServer (C:\Users\joanc\Documents\GitHub\M06-3.2\pr32_websocket_link\node_modules\mongodb\lib\sdam\topology.js:321:38)
    at async Topology._connect (C:\Users\joanc\Documents\GitHub\M06-3.2\pr32_websocket_link\node_modules\mongodb\lib\sdam\topology.js:200:28)
    at async Topology.connect (C:\Users\joanc\Documents\GitHub\M06-3.2\pr32_websocket_link\node_modules\mongodb\lib\sdam\topology.js:152:13)
    at async topologyConnect (C:\Users\joanc\Documents\GitHub\M06-3.2\pr32_websocket_link\node_modules\mongodb\lib\mongo_client.js:233:17)
    at async MongoClient._connect (C:\Users\joanc\Documents\GitHub\M06-3.2\pr32_websocket_link\node_modules\mongodb\lib\mongo_client.js:246:13)
    at async MongoClient.connect (C:\Users\joanc\Documents\GitHub\M06-3.2\pr32_websocket_link\node_modules\mongodb\lib\mongo_client.js:171:13)
    at async savePlayerToMongoDB (C:\Users\joanc\Documents\GitHub\M06-3.2\pr32_websocket_link\src\websocket_server.js:106:9)
    at async WebSocket.<anonymous> (C:\Users\joanc\Documents\GitHub\M06-3.2\pr32_websocket_link\src\websocket_server.js:70:17)
2025-05-07 18:35:26 [ERROR] MongoServerSelectionError: connect ECONNREFUSED ::1:27017
    at Topology.selectServer (C:\Users\joanc\Documents\GitHub\M06-3.2\pr32_websocket_link\node_modules\mongodb\lib\sdam\topology.js:321:38)
    at async Topology._connect (C:\Users\joanc\Documents\GitHub\M06-3.2\pr32_websocket_link\node_modules\mongodb\lib\sdam\topology.js:200:28)
    at async Topology.connect (C:\Users\joanc\Documents\GitHub\M06-3.2\pr32_websocket_link\node_modules\mongodb\lib\sdam\topology.js:152:13)
    at async topologyConnect (C:\Users\joanc\Documents\GitHub\M06-3.2\pr32_websocket_link\node_modules\mongodb\lib\mongo_client.js:233:17)
    at async MongoClient._connect (C:\Users\joanc\Documents\GitHub\M06-3.2\pr32_websocket_link\node_modules\mongodb\lib\mongo_client.js:246:13)
    at async MongoClient.connect (C:\Users\joanc\Documents\GitHub\M06-3.2\pr32_websocket_link\node_modules\mongodb\lib\mongo_client.js:171:13)
    at async savePlayerToMongoDB (C:\Users\joanc\Documents\GitHub\M06-3.2\pr32_websocket_link\src\websocket_server.js:106:9)
    at async WebSocket.<anonymous> (C:\Users\joanc\Documents\GitHub\M06-3.2\pr32_websocket_link\src\websocket_server.js:70:17)
2025-05-07 18:35:26 [ERROR] MongoServerSelectionError: connect ECONNREFUSED ::1:27017
    at Topology.selectServer (C:\Users\joanc\Documents\GitHub\M06-3.2\pr32_websocket_link\node_modules\mongodb\lib\sdam\topology.js:321:38)
    at async Topology._connect (C:\Users\joanc\Documents\GitHub\M06-3.2\pr32_websocket_link\node_modules\mongodb\lib\sdam\topology.js:200:28)
    at async Topology.connect (C:\Users\joanc\Documents\GitHub\M06-3.2\pr32_websocket_link\node_modules\mongodb\lib\sdam\topology.js:152:13)
    at async topologyConnect (C:\Users\joanc\Documents\GitHub\M06-3.2\pr32_websocket_link\node_modules\mongodb\lib\mongo_client.js:233:17)
    at async MongoClient._connect (C:\Users\joanc\Documents\GitHub\M06-3.2\pr32_websocket_link\node_modules\mongodb\lib\mongo_client.js:246:13)
    at async MongoClient.connect (C:\Users\joanc\Documents\GitHub\M06-3.2\pr32_websocket_link\node_modules\mongodb\lib\mongo_client.js:171:13)
    at async savePlayerToMongoDB (C:\Users\joanc\Documents\GitHub\M06-3.2\pr32_websocket_link\src\websocket_server.js:106:9)
    at async WebSocket.<anonymous> (C:\Users\joanc\Documents\GitHub\M06-3.2\pr32_websocket_link\src\websocket_server.js:70:17)
2025-05-07 18:35:27 [ERROR] MongoServerSelectionError: connect ECONNREFUSED ::1:27017
    at Topology.selectServer (C:\Users\joanc\Documents\GitHub\M06-3.2\pr32_websocket_link\node_modules\mongodb\lib\sdam\topology.js:321:38)
    at async Topology._connect (C:\Users\joanc\Documents\GitHub\M06-3.2\pr32_websocket_link\node_modules\mongodb\lib\sdam\topology.js:200:28)
    at async Topology.connect (C:\Users\joanc\Documents\GitHub\M06-3.2\pr32_websocket_link\node_modules\mongodb\lib\sdam\topology.js:152:13)
    at async topologyConnect (C:\Users\joanc\Documents\GitHub\M06-3.2\pr32_websocket_link\node_modules\mongodb\lib\mongo_client.js:233:17)
    at async MongoClient._connect (C:\Users\joanc\Documents\GitHub\M06-3.2\pr32_websocket_link\node_modules\mongodb\lib\mongo_client.js:246:13)
    at async MongoClient.connect (C:\Users\joanc\Documents\GitHub\M06-3.2\pr32_websocket_link\node_modules\mongodb\lib\mongo_client.js:171:13)
    at async savePlayerToMongoDB (C:\Users\joanc\Documents\GitHub\M06-3.2\pr32_websocket_link\src\websocket_server.js:106:9)
    at async WebSocket.<anonymous> (C:\Users\joanc\Documents\GitHub\M06-3.2\pr32_websocket_link\src\websocket_server.js:70:17)
2025-05-07 18:35:27 [ERROR] MongoServerSelectionError: connect ECONNREFUSED ::1:27017
    at Topology.selectServer (C:\Users\joanc\Documents\GitHub\M06-3.2\pr32_websocket_link\node_modules\mongodb\lib\sdam\topology.js:321:38)
    at async Topology._connect (C:\Users\joanc\Documents\GitHub\M06-3.2\pr32_websocket_link\node_modules\mongodb\lib\sdam\topology.js:200:28)
    at async Topology.connect (C:\Users\joanc\Documents\GitHub\M06-3.2\pr32_websocket_link\node_modules\mongodb\lib\sdam\topology.js:152:13)
    at async topologyConnect (C:\Users\joanc\Documents\GitHub\M06-3.2\pr32_websocket_link\node_modules\mongodb\lib\mongo_client.js:233:17)
    at async MongoClient._connect (C:\Users\joanc\Documents\GitHub\M06-3.2\pr32_websocket_link\node_modules\mongodb\lib\mongo_client.js:246:13)
    at async MongoClient.connect (C:\Users\joanc\Documents\GitHub\M06-3.2\pr32_websocket_link\node_modules\mongodb\lib\mongo_client.js:171:13)
    at async savePlayerToMongoDB (C:\Users\joanc\Documents\GitHub\M06-3.2\pr32_websocket_link\src\websocket_server.js:106:9)
    at async WebSocket.<anonymous> (C:\Users\joanc\Documents\GitHub\M06-3.2\pr32_websocket_link\src\websocket_server.js:70:17)
2025-05-07 18:35:34 [ERROR] MongoServerSelectionError: connect ECONNREFUSED ::1:27017
    at Topology.selectServer (C:\Users\joanc\Documents\GitHub\M06-3.2\pr32_websocket_link\node_modules\mongodb\lib\sdam\topology.js:321:38)
    at async Topology._connect (C:\Users\joanc\Documents\GitHub\M06-3.2\pr32_websocket_link\node_modules\mongodb\lib\sdam\topology.js:200:28)
    at async Topology.connect (C:\Users\joanc\Documents\GitHub\M06-3.2\pr32_websocket_link\node_modules\mongodb\lib\sdam\topology.js:152:13)
    at async topologyConnect (C:\Users\joanc\Documents\GitHub\M06-3.2\pr32_websocket_link\node_modules\mongodb\lib\mongo_client.js:233:17)
    at async MongoClient._connect (C:\Users\joanc\Documents\GitHub\M06-3.2\pr32_websocket_link\node_modules\mongodb\lib\mongo_client.js:246:13)
    at async MongoClient.connect (C:\Users\joanc\Documents\GitHub\M06-3.2\pr32_websocket_link\node_modules\mongodb\lib\mongo_client.js:171:13)
    at async savePlayerToMongoDB (C:\Users\joanc\Documents\GitHub\M06-3.2\pr32_websocket_link\src\websocket_server.js:106:9)
    at async WebSocket.<anonymous> (C:\Users\joanc\Documents\GitHub\M06-3.2\pr32_websocket_link\src\websocket_server.js:70:17)
2025-05-07 18:35:34 [ERROR] MongoServerSelectionError: connect ECONNREFUSED ::1:27017
    at Topology.selectServer (C:\Users\joanc\Documents\GitHub\M06-3.2\pr32_websocket_link\node_modules\mongodb\lib\sdam\topology.js:321:38)
    at async Topology._connect (C:\Users\joanc\Documents\GitHub\M06-3.2\pr32_websocket_link\node_modules\mongodb\lib\sdam\topology.js:200:28)
    at async Topology.connect (C:\Users\joanc\Documents\GitHub\M06-3.2\pr32_websocket_link\node_modules\mongodb\lib\sdam\topology.js:152:13)
    at async topologyConnect (C:\Users\joanc\Documents\GitHub\M06-3.2\pr32_websocket_link\node_modules\mongodb\lib\mongo_client.js:233:17)
    at async MongoClient._connect (C:\Users\joanc\Documents\GitHub\M06-3.2\pr32_websocket_link\node_modules\mongodb\lib\mongo_client.js:246:13)
    at async MongoClient.connect (C:\Users\joanc\Documents\GitHub\M06-3.2\pr32_websocket_link\node_modules\mongodb\lib\mongo_client.js:171:13)
    at async savePlayerToMongoDB (C:\Users\joanc\Documents\GitHub\M06-3.2\pr32_websocket_link\src\websocket_server.js:106:9)
    at async WebSocket.<anonymous> (C:\Users\joanc\Documents\GitHub\M06-3.2\pr32_websocket_link\src\websocket_server.js:70:17)
2025-05-07 18:35:34 [ERROR] MongoServerSelectionError: connect ECONNREFUSED ::1:27017
    at Topology.selectServer (C:\Users\joanc\Documents\GitHub\M06-3.2\pr32_websocket_link\node_modules\mongodb\lib\sdam\topology.js:321:38)
    at async Topology._connect (C:\Users\joanc\Documents\GitHub\M06-3.2\pr32_websocket_link\node_modules\mongodb\lib\sdam\topology.js:200:28)
    at async Topology.connect (C:\Users\joanc\Documents\GitHub\M06-3.2\pr32_websocket_link\node_modules\mongodb\lib\sdam\topology.js:152:13)
    at async topologyConnect (C:\Users\joanc\Documents\GitHub\M06-3.2\pr32_websocket_link\node_modules\mongodb\lib\mongo_client.js:233:17)
    at async MongoClient._connect (C:\Users\joanc\Documents\GitHub\M06-3.2\pr32_websocket_link\node_modules\mongodb\lib\mongo_client.js:246:13)
    at async MongoClient.connect (C:\Users\joanc\Documents\GitHub\M06-3.2\pr32_websocket_link\node_modules\mongodb\lib\mongo_client.js:171:13)
    at async savePlayerToMongoDB (C:\Users\joanc\Documents\GitHub\M06-3.2\pr32_websocket_link\src\websocket_server.js:106:9)
    at async WebSocket.<anonymous> (C:\Users\joanc\Documents\GitHub\M06-3.2\pr32_websocket_link\src\websocket_server.js:70:17)
2025-05-07 18:35:35 [ERROR] MongoServerSelectionError: connect ECONNREFUSED ::1:27017
    at Topology.selectServer (C:\Users\joanc\Documents\GitHub\M06-3.2\pr32_websocket_link\node_modules\mongodb\lib\sdam\topology.js:321:38)
    at async Topology._connect (C:\Users\joanc\Documents\GitHub\M06-3.2\pr32_websocket_link\node_modules\mongodb\lib\sdam\topology.js:200:28)
    at async Topology.connect (C:\Users\joanc\Documents\GitHub\M06-3.2\pr32_websocket_link\node_modules\mongodb\lib\sdam\topology.js:152:13)
    at async topologyConnect (C:\Users\joanc\Documents\GitHub\M06-3.2\pr32_websocket_link\node_modules\mongodb\lib\mongo_client.js:233:17)
    at async MongoClient._connect (C:\Users\joanc\Documents\GitHub\M06-3.2\pr32_websocket_link\node_modules\mongodb\lib\mongo_client.js:246:13)
    at async MongoClient.connect (C:\Users\joanc\Documents\GitHub\M06-3.2\pr32_websocket_link\node_modules\mongodb\lib\mongo_client.js:171:13)
    at async savePlayerToMongoDB (C:\Users\joanc\Documents\GitHub\M06-3.2\pr32_websocket_link\src\websocket_server.js:106:9)
    at async WebSocket.<anonymous> (C:\Users\joanc\Documents\GitHub\M06-3.2\pr32_websocket_link\src\websocket_server.js:70:17)
2025-05-07 18:35:35 [ERROR] MongoServerSelectionError: connect ECONNREFUSED ::1:27017
    at Topology.selectServer (C:\Users\joanc\Documents\GitHub\M06-3.2\pr32_websocket_link\node_modules\mongodb\lib\sdam\topology.js:321:38)
    at async Topology._connect (C:\Users\joanc\Documents\GitHub\M06-3.2\pr32_websocket_link\node_modules\mongodb\lib\sdam\topology.js:200:28)
    at async Topology.connect (C:\Users\joanc\Documents\GitHub\M06-3.2\pr32_websocket_link\node_modules\mongodb\lib\sdam\topology.js:152:13)
    at async topologyConnect (C:\Users\joanc\Documents\GitHub\M06-3.2\pr32_websocket_link\node_modules\mongodb\lib\mongo_client.js:233:17)
    at async MongoClient._connect (C:\Users\joanc\Documents\GitHub\M06-3.2\pr32_websocket_link\node_modules\mongodb\lib\mongo_client.js:246:13)
    at async MongoClient.connect (C:\Users\joanc\Documents\GitHub\M06-3.2\pr32_websocket_link\node_modules\mongodb\lib\mongo_client.js:171:13)
    at async savePlayerToMongoDB (C:\Users\joanc\Documents\GitHub\M06-3.2\pr32_websocket_link\src\websocket_server.js:106:9)
    at async WebSocket.<anonymous> (C:\Users\joanc\Documents\GitHub\M06-3.2\pr32_websocket_link\src\websocket_server.js:70:17)
2025-05-07 18:35:35 [ERROR] MongoServerSelectionError: connect ECONNREFUSED ::1:27017
    at Topology.selectServer (C:\Users\joanc\Documents\GitHub\M06-3.2\pr32_websocket_link\node_modules\mongodb\lib\sdam\topology.js:321:38)
    at async Topology._connect (C:\Users\joanc\Documents\GitHub\M06-3.2\pr32_websocket_link\node_modules\mongodb\lib\sdam\topology.js:200:28)
    at async Topology.connect (C:\Users\joanc\Documents\GitHub\M06-3.2\pr32_websocket_link\node_modules\mongodb\lib\sdam\topology.js:152:13)
    at async topologyConnect (C:\Users\joanc\Documents\GitHub\M06-3.2\pr32_websocket_link\node_modules\mongodb\lib\mongo_client.js:233:17)
    at async MongoClient._connect (C:\Users\joanc\Documents\GitHub\M06-3.2\pr32_websocket_link\node_modules\mongodb\lib\mongo_client.js:246:13)
    at async MongoClient.connect (C:\Users\joanc\Documents\GitHub\M06-3.2\pr32_websocket_link\node_modules\mongodb\lib\mongo_client.js:171:13)
    at async savePlayerToMongoDB (C:\Users\joanc\Documents\GitHub\M06-3.2\pr32_websocket_link\src\websocket_server.js:106:9)
    at async WebSocket.<anonymous> (C:\Users\joanc\Documents\GitHub\M06-3.2\pr32_websocket_link\src\websocket_server.js:70:17)
2025-05-07 18:35:35 [ERROR] MongoServerSelectionError: connect ECONNREFUSED ::1:27017
    at Topology.selectServer (C:\Users\joanc\Documents\GitHub\M06-3.2\pr32_websocket_link\node_modules\mongodb\lib\sdam\topology.js:321:38)
    at async Topology._connect (C:\Users\joanc\Documents\GitHub\M06-3.2\pr32_websocket_link\node_modules\mongodb\lib\sdam\topology.js:200:28)
    at async Topology.connect (C:\Users\joanc\Documents\GitHub\M06-3.2\pr32_websocket_link\node_modules\mongodb\lib\sdam\topology.js:152:13)
    at async topologyConnect (C:\Users\joanc\Documents\GitHub\M06-3.2\pr32_websocket_link\node_modules\mongodb\lib\mongo_client.js:233:17)
    at async MongoClient._connect (C:\Users\joanc\Documents\GitHub\M06-3.2\pr32_websocket_link\node_modules\mongodb\lib\mongo_client.js:246:13)
    at async MongoClient.connect (C:\Users\joanc\Documents\GitHub\M06-3.2\pr32_websocket_link\node_modules\mongodb\lib\mongo_client.js:171:13)
    at async savePlayerToMongoDB (C:\Users\joanc\Documents\GitHub\M06-3.2\pr32_websocket_link\src\websocket_server.js:106:9)
    at async WebSocket.<anonymous> (C:\Users\joanc\Documents\GitHub\M06-3.2\pr32_websocket_link\src\websocket_server.js:70:17)
2025-05-07 18:35:35 [ERROR] MongoServerSelectionError: connect ECONNREFUSED ::1:27017
    at Topology.selectServer (C:\Users\joanc\Documents\GitHub\M06-3.2\pr32_websocket_link\node_modules\mongodb\lib\sdam\topology.js:321:38)
    at async Topology._connect (C:\Users\joanc\Documents\GitHub\M06-3.2\pr32_websocket_link\node_modules\mongodb\lib\sdam\topology.js:200:28)
    at async Topology.connect (C:\Users\joanc\Documents\GitHub\M06-3.2\pr32_websocket_link\node_modules\mongodb\lib\sdam\topology.js:152:13)
    at async topologyConnect (C:\Users\joanc\Documents\GitHub\M06-3.2\pr32_websocket_link\node_modules\mongodb\lib\mongo_client.js:233:17)
    at async MongoClient._connect (C:\Users\joanc\Documents\GitHub\M06-3.2\pr32_websocket_link\node_modules\mongodb\lib\mongo_client.js:246:13)
    at async MongoClient.connect (C:\Users\joanc\Documents\GitHub\M06-3.2\pr32_websocket_link\node_modules\mongodb\lib\mongo_client.js:171:13)
    at async savePlayerToMongoDB (C:\Users\joanc\Documents\GitHub\M06-3.2\pr32_websocket_link\src\websocket_server.js:106:9)
    at async WebSocket.<anonymous> (C:\Users\joanc\Documents\GitHub\M06-3.2\pr32_websocket_link\src\websocket_server.js:70:17)
2025-05-07 18:35:36 [ERROR] MongoServerSelectionError: connect ECONNREFUSED ::1:27017
    at Topology.selectServer (C:\Users\joanc\Documents\GitHub\M06-3.2\pr32_websocket_link\node_modules\mongodb\lib\sdam\topology.js:321:38)
    at async Topology._connect (C:\Users\joanc\Documents\GitHub\M06-3.2\pr32_websocket_link\node_modules\mongodb\lib\sdam\topology.js:200:28)
    at async Topology.connect (C:\Users\joanc\Documents\GitHub\M06-3.2\pr32_websocket_link\node_modules\mongodb\lib\sdam\topology.js:152:13)
    at async topologyConnect (C:\Users\joanc\Documents\GitHub\M06-3.2\pr32_websocket_link\node_modules\mongodb\lib\mongo_client.js:233:17)
    at async MongoClient._connect (C:\Users\joanc\Documents\GitHub\M06-3.2\pr32_websocket_link\node_modules\mongodb\lib\mongo_client.js:246:13)
    at async MongoClient.connect (C:\Users\joanc\Documents\GitHub\M06-3.2\pr32_websocket_link\node_modules\mongodb\lib\mongo_client.js:171:13)
    at async savePlayerToMongoDB (C:\Users\joanc\Documents\GitHub\M06-3.2\pr32_websocket_link\src\websocket_server.js:106:9)
    at async WebSocket.<anonymous> (C:\Users\joanc\Documents\GitHub\M06-3.2\pr32_websocket_link\src\websocket_server.js:70:17)
