2025-05-09 14:58:20 [ERROR] TypeError [ERR_INVALID_ARG_TYPE]: The first argument must be of type string or an instance of Buffer, ArrayBuffer, or Array or an Array-like Object. Received an instance of Object
    at Function.from (node:buffer:324:9)
    at toBuffer (C:\Users\joanc\Documents\GitHub\M06-3.2\pr32_websocket_link\node_modules\ws\lib\buffer-util.js:99:18)
    at Sender.send (C:\Users\joanc\Documents\GitHub\M06-3.2\pr32_websocket_link\node_modules\ws\lib\sender.js:361:14)
    at WebSocket.send (C:\Users\joanc\Documents\GitHub\M06-3.2\pr32_websocket_link\node_modules\ws\lib\websocket.js:477:18)
    at WebSocketServer.<anonymous> (C:\Users\joanc\Documents\GitHub\M06-3.2\pr32_websocket_link\src\websocket_server.js:69:8)
    at WebSocketServer.emit (node:events:524:28)
    at WebSocketServer.completeUpgrade (C:\Users\joanc\Documents\GitHub\M06-3.2\pr32_websocket_link\node_modules\ws\lib\websocket-server.js:436:5)
    at WebSocketServer.handleUpgrade (C:\Users\joanc\Documents\GitHub\M06-3.2\pr32_websocket_link\node_modules\ws\lib\websocket-server.js:344:10)
    at Server.upgrade (C:\Users\joanc\Documents\GitHub\M06-3.2\pr32_websocket_link\node_modules\ws\lib\websocket-server.js:119:16)
    at Server.emit (node:events:524:28)
2025-05-09 14:58:56 [ERROR] TypeError [ERR_INVALID_ARG_TYPE]: The first argument must be of type string or an instance of Buffer, ArrayBuffer, or Array or an Array-like Object. Received an instance of Object
    at Function.from (node:buffer:324:9)
    at toBuffer (C:\Users\joanc\Documents\GitHub\M06-3.2\pr32_websocket_link\node_modules\ws\lib\buffer-util.js:99:18)
    at Sender.send (C:\Users\joanc\Documents\GitHub\M06-3.2\pr32_websocket_link\node_modules\ws\lib\sender.js:361:14)
    at WebSocket.send (C:\Users\joanc\Documents\GitHub\M06-3.2\pr32_websocket_link\node_modules\ws\lib\websocket.js:477:18)
    at WebSocketServer.<anonymous> (C:\Users\joanc\Documents\GitHub\M06-3.2\pr32_websocket_link\src\websocket_server.js:69:8)
    at WebSocketServer.emit (node:events:524:28)
    at WebSocketServer.completeUpgrade (C:\Users\joanc\Documents\GitHub\M06-3.2\pr32_websocket_link\node_modules\ws\lib\websocket-server.js:436:5)
    at WebSocketServer.handleUpgrade (C:\Users\joanc\Documents\GitHub\M06-3.2\pr32_websocket_link\node_modules\ws\lib\websocket-server.js:344:10)
    at Server.upgrade (C:\Users\joanc\Documents\GitHub\M06-3.2\pr32_websocket_link\node_modules\ws\lib\websocket-server.js:119:16)
    at Server.emit (node:events:524:28)
